<?xml version="1.0" encoding="UTF-8"?>
<testng-results skipped="0" failed="0" ignored="0" total="1" passed="1">
  <reporter-output>
  </reporter-output>
  <suite name="Default suite" duration-ms="9058" started-at="2020-03-14T10:54:10Z" finished-at="2020-03-14T10:54:19Z">
    <groups>
    </groups>
    <test name="Default test" duration-ms="9058" started-at="2020-03-14T10:54:10Z" finished-at="2020-03-14T10:54:19Z">
      <class name="Testcases.NewTest">
        <test-method status="PASS" signature="f()[pri:0, instance:Testcases.NewTest@32d992b2]" name="f" duration-ms="9020" started-at="2020-03-14T10:54:10Z" finished-at="2020-03-14T10:54:19Z">
          <reporter-output>
          </reporter-output>
        </test-method> <!-- f -->
      </class> <!-- Testcases.NewTest -->
    </test> <!-- Default test -->
  </suite> <!-- Default suite -->
</testng-results>
